Assuming unrestricted shared filesystem usage.
None
host: 999caf13befa
Building DAG of jobs...
Using shell: /usr/bin/bash
Provided cores: 4
Rules claiming more threads will be scaled down.
Job stats:
job            count
-----------  -------
all                1
process_fcs        4
total              5

Select jobs to execute...
Execute 4 jobs...
[Sun Aug 10 06:24:35 2025]
localrule process_fcs:
    input: data/raw/FR-FCM-Z3HK - TcellPanel - sarcoma - IPISRC-09 - Viable.fcs
    output: data/processed/FR-FCM-Z3HK - TcellPanel - sarcoma - IPISRC-09 - Viable_umap_clust.fcs, plots/FR-FCM-Z3HK - TcellPanel - sarcoma - IPISRC-09 - Viable.png
    jobid: 4
    reason: Missing output files: data/processed/FR-FCM-Z3HK - TcellPanel - sarcoma - IPISRC-09 - Viable_umap_clust.fcs, plots/FR-FCM-Z3HK - TcellPanel - sarcoma - IPISRC-09 - Viable.png; Code has changed since last execution
    wildcards: sample=FR-FCM-Z3HK - TcellPanel - sarcoma - IPISRC-09 - Viable
    resources: tmpdir=/tmp
[Sun Aug 10 06:24:35 2025]
localrule process_fcs:
    input: data/raw/FR-FCM-Z3HK - TcellPanel - kidney - IPIKID-076 - Viable.fcs
    output: data/processed/FR-FCM-Z3HK - TcellPanel - kidney - IPIKID-076 - Viable_umap_clust.fcs, plots/FR-FCM-Z3HK - TcellPanel - kidney - IPIKID-076 - Viable.png
    jobid: 2
    reason: Code has changed since last execution
    wildcards: sample=FR-FCM-Z3HK - TcellPanel - kidney - IPIKID-076 - Viable
    resources: tmpdir=/tmp
[Sun Aug 10 06:24:35 2025]
localrule process_fcs:
    input: data/raw/FR-FCM-Z3HK - TcellPanel - kidney - IPIKID-073 - Viable.fcs
    output: data/processed/FR-FCM-Z3HK - TcellPanel - kidney - IPIKID-073 - Viable_umap_clust.fcs, plots/FR-FCM-Z3HK - TcellPanel - kidney - IPIKID-073 - Viable.png
    jobid: 1
    reason: Code has changed since last execution
    wildcards: sample=FR-FCM-Z3HK - TcellPanel - kidney - IPIKID-073 - Viable
    resources: tmpdir=/tmp
[Sun Aug 10 06:24:35 2025]
localrule process_fcs:
    input: data/raw/FR-FCM-Z3HK - TcellPanel - sarcoma - IPISRC-013_N1 - Viable.fcs
    output: data/processed/FR-FCM-Z3HK - TcellPanel - sarcoma - IPISRC-013_N1 - Viable_umap_clust.fcs, plots/FR-FCM-Z3HK - TcellPanel - sarcoma - IPISRC-013_N1 - Viable.png
    jobid: 3
    reason: Missing output files: data/processed/FR-FCM-Z3HK - TcellPanel - sarcoma - IPISRC-013_N1 - Viable_umap_clust.fcs, plots/FR-FCM-Z3HK - TcellPanel - sarcoma - IPISRC-013_N1 - Viable.png; Code has changed since last execution
    wildcards: sample=FR-FCM-Z3HK - TcellPanel - sarcoma - IPISRC-013_N1 - Viable
    resources: tmpdir=/tmp
[Sun Aug 10 06:25:47 2025]
Finished jobid: 3 (Rule: process_fcs)
1 of 5 steps (20%) done
[Sun Aug 10 06:25:49 2025]
Finished jobid: 2 (Rule: process_fcs)
2 of 5 steps (40%) done
[Sun Aug 10 06:25:58 2025]
Finished jobid: 1 (Rule: process_fcs)
3 of 5 steps (60%) done
[Sun Aug 10 06:26:08 2025]
Finished jobid: 4 (Rule: process_fcs)
4 of 5 steps (80%) done
Select jobs to execute...
Execute 1 jobs...
[Sun Aug 10 06:26:08 2025]
localrule all:
    input: data/processed/FR-FCM-Z3HK - TcellPanel - kidney - IPIKID-073 - Viable_umap_clust.fcs, data/processed/FR-FCM-Z3HK - TcellPanel - kidney - IPIKID-076 - Viable_umap_clust.fcs, data/processed/FR-FCM-Z3HK - TcellPanel - sarcoma - IPISRC-013_N1 - Viable_umap_clust.fcs, data/processed/FR-FCM-Z3HK - TcellPanel - sarcoma - IPISRC-09 - Viable_umap_clust.fcs, plots/FR-FCM-Z3HK - TcellPanel - kidney - IPIKID-073 - Viable.png, plots/FR-FCM-Z3HK - TcellPanel - kidney - IPIKID-076 - Viable.png, plots/FR-FCM-Z3HK - TcellPanel - sarcoma - IPISRC-013_N1 - Viable.png, plots/FR-FCM-Z3HK - TcellPanel - sarcoma - IPISRC-09 - Viable.png
    jobid: 0
    reason: Input files updated by another job: plots/FR-FCM-Z3HK - TcellPanel - kidney - IPIKID-073 - Viable.png, data/processed/FR-FCM-Z3HK - TcellPanel - kidney - IPIKID-073 - Viable_umap_clust.fcs, plots/FR-FCM-Z3HK - TcellPanel - sarcoma - IPISRC-09 - Viable.png, plots/FR-FCM-Z3HK - TcellPanel - kidney - IPIKID-076 - Viable.png, data/processed/FR-FCM-Z3HK - TcellPanel - kidney - IPIKID-076 - Viable_umap_clust.fcs, plots/FR-FCM-Z3HK - TcellPanel - sarcoma - IPISRC-013_N1 - Viable.png, data/processed/FR-FCM-Z3HK - TcellPanel - sarcoma - IPISRC-013_N1 - Viable_umap_clust.fcs, data/processed/FR-FCM-Z3HK - TcellPanel - sarcoma - IPISRC-09 - Viable_umap_clust.fcs
    resources: tmpdir=/tmp
[Sun Aug 10 06:26:08 2025]
Finished jobid: 0 (Rule: all)
5 of 5 steps (100%) done
Complete log(s): /data/.snakemake/log/2025-08-10T062435.552588.snakemake.log
