Assuming unrestricted shared filesystem usage.
None
host: 1be2762179da
Building DAG of jobs...
Using shell: /usr/bin/bash
Provided cores: 2
Rules claiming more threads will be scaled down.
Job stats:
job            count
-----------  -------
all                1
process_fcs        2
total              3

Select jobs to execute...
Execute 2 jobs...
[Sat Aug  9 20:52:41 2025]
localrule process_fcs:
    input: data/raw/FR-FCM-Z3HK - TcellPanel - sarcoma - IPISRC-09 - Viable.fcs
    output: data/processed/FR-FCM-Z3HK - TcellPanel - sarcoma - IPISRC-09 - Viable_umap_clust.fcs, plots/FR-FCM-Z3HK - TcellPanel - sarcoma - IPISRC-09 - Viable.png
    jobid: 4
    reason: Missing output files: plots/FR-FCM-Z3HK - TcellPanel - sarcoma - IPISRC-09 - Viable.png
    wildcards: sample=FR-FCM-Z3HK - TcellPanel - sarcoma - IPISRC-09 - Viable
    resources: tmpdir=/tmp
[Sat Aug  9 20:52:41 2025]
localrule process_fcs:
    input: data/raw/FR-FCM-Z3HK - TcellPanel - sarcoma - IPISRC-013_N1 - Viable.fcs
    output: data/processed/FR-FCM-Z3HK - TcellPanel - sarcoma - IPISRC-013_N1 - Viable_umap_clust.fcs, plots/FR-FCM-Z3HK - TcellPanel - sarcoma - IPISRC-013_N1 - Viable.png
    jobid: 3
    reason: Missing output files: plots/FR-FCM-Z3HK - TcellPanel - sarcoma - IPISRC-013_N1 - Viable.png
    wildcards: sample=FR-FCM-Z3HK - TcellPanel - sarcoma - IPISRC-013_N1 - Viable
    resources: tmpdir=/tmp
[Sat Aug  9 20:53:46 2025]
Finished jobid: 3 (Rule: process_fcs)
1 of 3 steps (33%) done
[Sat Aug  9 20:54:08 2025]
Finished jobid: 4 (Rule: process_fcs)
2 of 3 steps (67%) done
Select jobs to execute...
Execute 1 jobs...
[Sat Aug  9 20:54:08 2025]
localrule all:
    input: data/processed/FR-FCM-Z3HK - TcellPanel - kidney - IPIKID-073 - Viable_umap_clust.fcs, data/processed/FR-FCM-Z3HK - TcellPanel - kidney - IPIKID-076 - Viable_umap_clust.fcs, data/processed/FR-FCM-Z3HK - TcellPanel - sarcoma - IPISRC-013_N1 - Viable_umap_clust.fcs, data/processed/FR-FCM-Z3HK - TcellPanel - sarcoma - IPISRC-09 - Viable_umap_clust.fcs, plots/FR-FCM-Z3HK - TcellPanel - kidney - IPIKID-073 - Viable.png, plots/FR-FCM-Z3HK - TcellPanel - kidney - IPIKID-076 - Viable.png, plots/FR-FCM-Z3HK - TcellPanel - sarcoma - IPISRC-013_N1 - Viable.png, plots/FR-FCM-Z3HK - TcellPanel - sarcoma - IPISRC-09 - Viable.png
    jobid: 0
    reason: Input files updated by another job: plots/FR-FCM-Z3HK - TcellPanel - sarcoma - IPISRC-09 - Viable.png, data/processed/FR-FCM-Z3HK - TcellPanel - sarcoma - IPISRC-013_N1 - Viable_umap_clust.fcs, plots/FR-FCM-Z3HK - TcellPanel - sarcoma - IPISRC-013_N1 - Viable.png, data/processed/FR-FCM-Z3HK - TcellPanel - sarcoma - IPISRC-09 - Viable_umap_clust.fcs
    resources: tmpdir=/tmp
[Sat Aug  9 20:54:08 2025]
Finished jobid: 0 (Rule: all)
3 of 3 steps (100%) done
Complete log(s): /data/.snakemake/log/2025-08-09T205241.409183.snakemake.log
