Assuming unrestricted shared filesystem usage.
None
host: 8845bef642f0
Building DAG of jobs...
Using shell: /usr/bin/bash
Provided cores: 2
Rules claiming more threads will be scaled down.
Job stats:
job            count
-----------  -------
all                1
process_fcs        4
total              5

Select jobs to execute...
Execute 2 jobs...
[Sat Aug  9 20:37:02 2025]
localrule process_fcs:
    input: data/raw/FR-FCM-Z3HK - TcellPanel - sarcoma - IPISRC-09 - Viable.fcs
    output: data/processed/FR-FCM-Z3HK - TcellPanel - sarcoma - IPISRC-09 - Viable_umap_clust.fcs, plots/FR-FCM-Z3HK - TcellPanel - sarcoma - IPISRC-09 - Viable.png
    jobid: 4
    reason: Missing output files: data/processed/FR-FCM-Z3HK - TcellPanel - sarcoma - IPISRC-09 - Viable_umap_clust.fcs, plots/FR-FCM-Z3HK - TcellPanel - sarcoma - IPISRC-09 - Viable.png
    wildcards: sample=FR-FCM-Z3HK - TcellPanel - sarcoma - IPISRC-09 - Viable
    resources: tmpdir=/tmp
[Sat Aug  9 20:37:02 2025]
localrule process_fcs:
    input: data/raw/FR-FCM-Z3HK - TcellPanel - kidney - IPIKID-076 - Viable.fcs
    output: data/processed/FR-FCM-Z3HK - TcellPanel - kidney - IPIKID-076 - Viable_umap_clust.fcs, plots/FR-FCM-Z3HK - TcellPanel - kidney - IPIKID-076 - Viable.png
    jobid: 2
    reason: Missing output files: data/processed/FR-FCM-Z3HK - TcellPanel - kidney - IPIKID-076 - Viable_umap_clust.fcs, plots/FR-FCM-Z3HK - TcellPanel - kidney - IPIKID-076 - Viable.png
    wildcards: sample=FR-FCM-Z3HK - TcellPanel - kidney - IPIKID-076 - Viable
    resources: tmpdir=/tmp
Select jobs to execute...
[Sat Aug  9 20:38:11 2025]
Finished jobid: 2 (Rule: process_fcs)
1 of 5 steps (20%) done
Execute 1 jobs...
[Sat Aug  9 20:38:11 2025]
localrule process_fcs:
    input: data/raw/FR-FCM-Z3HK - TcellPanel - kidney - IPIKID-073 - Viable.fcs
    output: data/processed/FR-FCM-Z3HK - TcellPanel - kidney - IPIKID-073 - Viable_umap_clust.fcs, plots/FR-FCM-Z3HK - TcellPanel - kidney - IPIKID-073 - Viable.png
    jobid: 1
    reason: Missing output files: data/processed/FR-FCM-Z3HK - TcellPanel - kidney - IPIKID-073 - Viable_umap_clust.fcs, plots/FR-FCM-Z3HK - TcellPanel - kidney - IPIKID-073 - Viable.png
    wildcards: sample=FR-FCM-Z3HK - TcellPanel - kidney - IPIKID-073 - Viable
    resources: tmpdir=/tmp
Select jobs to execute...
[Sat Aug  9 20:38:35 2025]
Finished jobid: 4 (Rule: process_fcs)
2 of 5 steps (40%) done
Execute 1 jobs...
[Sat Aug  9 20:38:35 2025]
localrule process_fcs:
    input: data/raw/FR-FCM-Z3HK - TcellPanel - sarcoma - IPISRC-013_N1 - Viable.fcs
    output: data/processed/FR-FCM-Z3HK - TcellPanel - sarcoma - IPISRC-013_N1 - Viable_umap_clust.fcs, plots/FR-FCM-Z3HK - TcellPanel - sarcoma - IPISRC-013_N1 - Viable.png
    jobid: 3
    reason: Missing output files: data/processed/FR-FCM-Z3HK - TcellPanel - sarcoma - IPISRC-013_N1 - Viable_umap_clust.fcs, plots/FR-FCM-Z3HK - TcellPanel - sarcoma - IPISRC-013_N1 - Viable.png
    wildcards: sample=FR-FCM-Z3HK - TcellPanel - sarcoma - IPISRC-013_N1 - Viable
    resources: tmpdir=/tmp
[Sat Aug  9 20:39:29 2025]
Finished jobid: 1 (Rule: process_fcs)
3 of 5 steps (60%) done
[Sat Aug  9 20:39:40 2025]
Finished jobid: 3 (Rule: process_fcs)
4 of 5 steps (80%) done
Select jobs to execute...
Execute 1 jobs...
[Sat Aug  9 20:39:40 2025]
localrule all:
    input: data/processed/FR-FCM-Z3HK - TcellPanel - kidney - IPIKID-073 - Viable_umap_clust.fcs, data/processed/FR-FCM-Z3HK - TcellPanel - kidney - IPIKID-076 - Viable_umap_clust.fcs, data/processed/FR-FCM-Z3HK - TcellPanel - sarcoma - IPISRC-013_N1 - Viable_umap_clust.fcs, data/processed/FR-FCM-Z3HK - TcellPanel - sarcoma - IPISRC-09 - Viable_umap_clust.fcs, plots/FR-FCM-Z3HK - TcellPanel - kidney - IPIKID-073 - Viable.png, plots/FR-FCM-Z3HK - TcellPanel - kidney - IPIKID-076 - Viable.png, plots/FR-FCM-Z3HK - TcellPanel - sarcoma - IPISRC-013_N1 - Viable.png, plots/FR-FCM-Z3HK - TcellPanel - sarcoma - IPISRC-09 - Viable.png
    jobid: 0
    reason: Input files updated by another job: data/processed/FR-FCM-Z3HK - TcellPanel - kidney - IPIKID-076 - Viable_umap_clust.fcs, data/processed/FR-FCM-Z3HK - TcellPanel - kidney - IPIKID-073 - Viable_umap_clust.fcs, plots/FR-FCM-Z3HK - TcellPanel - sarcoma - IPISRC-013_N1 - Viable.png, data/processed/FR-FCM-Z3HK - TcellPanel - sarcoma - IPISRC-09 - Viable_umap_clust.fcs, data/processed/FR-FCM-Z3HK - TcellPanel - sarcoma - IPISRC-013_N1 - Viable_umap_clust.fcs, plots/FR-FCM-Z3HK - TcellPanel - sarcoma - IPISRC-09 - Viable.png, plots/FR-FCM-Z3HK - TcellPanel - kidney - IPIKID-076 - Viable.png, plots/FR-FCM-Z3HK - TcellPanel - kidney - IPIKID-073 - Viable.png
    resources: tmpdir=/tmp
[Sat Aug  9 20:39:40 2025]
Finished jobid: 0 (Rule: all)
5 of 5 steps (100%) done
Complete log(s): /data/.snakemake/log/2025-08-09T203701.924677.snakemake.log
